<?xml version="1.0" encoding="UTF-8"?>
<!-- Generated by org.testng.reporters.JUnitReportReporter -->
<testsuite hostname="DESKTOP-FQ4T2BI" failures="0" tests="1" name="Test_NG.sample" time="0.024" errors="0" timestamp="2023-12-18T11:34:58 GMT-08:00" skipped="0">
  <testcase classname="Test_NG.sample" name="tc" time="0.024"/>
  <system-out>
    <![CDATA[hello...]]>
  </system-out>
</testsuite> <!-- Test_NG.sample -->
