<?xml version="1.0" encoding="UTF-8"?>
<!-- Generated by org.testng.reporters.JUnitReportReporter -->
<testsuite hostname="DESKTOP-FQ4T2BI" failures="0" tests="5" name="Test_NG.priority" time="0.050" errors="0" timestamp="2023-12-22T09:51:43 GMT-08:00" skipped="0">
  <testcase classname="Test_NG.priority" name="tc5" time="0.017"/>
  <system-out>
    <![CDATA[ram]]>
  </system-out>
  <testcase classname="Test_NG.priority" name="tc4" time="0.007"/>
  <system-out>
    <![CDATA[sri]]>
  </system-out>
  <testcase classname="Test_NG.priority" name="tc3" time="0.009"/>
  <system-out>
    <![CDATA[abc]]>
  </system-out>
  <testcase classname="Test_NG.priority" name="tc2" time="0.013"/>
  <system-out>
    <![CDATA[bac]]>
  </system-out>
  <testcase classname="Test_NG.priority" name="tc1" time="0.004"/>
  <system-out>
    <![CDATA[cab]]>
  </system-out>
</testsuite> <!-- Test_NG.priority -->
