<?xml version="1.0" encoding="UTF-8"?>
<!-- Generated by org.testng.reporters.JUnitReportReporter -->
<testsuite hostname="DESKTOP-FQ4T2BI" failures="0" tests="1" name="Test_NG.enabled" time="0.022" errors="0" timestamp="2023-12-22T10:02:01 GMT-08:00" skipped="0">
  <testcase classname="Test_NG.enabled" name="tc" time="0.022"/>
  <system-out>
    <![CDATA[hello...]]>
  </system-out>
</testsuite> <!-- Test_NG.enabled -->
