<?xml version="1.0" encoding="UTF-8"?>
<!-- Generated by org.testng.reporters.JUnitReportReporter -->
<testsuite hostname="DESKTOP-FQ4T2BI" failures="0" tests="1" name="Test_NG.Annotations" time="0.089" errors="0" timestamp="2023-12-21T18:52:34 GMT-08:00" skipped="0">
  <testcase classname="Test_NG.Annotations" name="verifyuserid" time="0.089"/>
  <system-out>
    <![CDATA[running verify]]>
  </system-out>
</testsuite> <!-- Test_NG.Annotations -->
