<?xml version="1.0" encoding="UTF-8"?>
<!-- Generated by org.testng.reporters.JUnitReportReporter -->
<testsuite hostname="DESKTOP-FQ4T2BI" failures="0" tests="1" name="Test_NG.time_out" time="0.027" errors="0" timestamp="2023-12-27T09:29:57 GMT-08:00" skipped="0">
  <testcase classname="Test_NG.time_out" name="tc" time="0.027"/>
  <system-out>
    <![CDATA[Morning]]>
  </system-out>
</testsuite> <!-- Test_NG.time_out -->
