<?xml version="1.0" encoding="UTF-8"?>
<!-- Generated by org.testng.reporters.JUnitReportReporter -->
<testsuite hostname="DESKTOP-FQ4T2BI" failures="0" tests="10" name="Test_NG.invocation_count" time="0.190" errors="0" timestamp="2023-12-22T09:32:25 GMT-08:00" skipped="0">
  <testcase classname="Test_NG.invocation_count" name="tc" time="0.003"/>
  <system-out>
    <![CDATA[HELLO....KALPANA PATIL]]>
  </system-out>
  <testcase classname="Test_NG.invocation_count" name="tc" time="0.025"/>
  <system-out>
    <![CDATA[HELLO....KALPANA PATIL]]>
  </system-out>
  <testcase classname="Test_NG.invocation_count" name="tc" time="0.012"/>
  <system-out>
    <![CDATA[HELLO....KALPANA PATIL]]>
  </system-out>
  <testcase classname="Test_NG.invocation_count" name="tc" time="0.017"/>
  <system-out>
    <![CDATA[HELLO....KALPANA PATIL]]>
  </system-out>
  <testcase classname="Test_NG.invocation_count" name="tc" time="0.012"/>
  <system-out>
    <![CDATA[HELLO....KALPANA PATIL]]>
  </system-out>
  <testcase classname="Test_NG.invocation_count" name="tc" time="0.007"/>
  <system-out>
    <![CDATA[HELLO....KALPANA PATIL]]>
  </system-out>
  <testcase classname="Test_NG.invocation_count" name="tc" time="0.024"/>
  <system-out>
    <![CDATA[HELLO....KALPANA PATIL]]>
  </system-out>
  <testcase classname="Test_NG.invocation_count" name="tc" time="0.012"/>
  <system-out>
    <![CDATA[HELLO....KALPANA PATIL]]>
  </system-out>
  <testcase classname="Test_NG.invocation_count" name="tc" time="0.024"/>
  <system-out>
    <![CDATA[HELLO....KALPANA PATIL]]>
  </system-out>
  <testcase classname="Test_NG.invocation_count" name="tc" time="0.054"/>
  <system-out>
    <![CDATA[HELLO....KALPANA PATIL]]>
  </system-out>
</testsuite> <!-- Test_NG.invocation_count -->
